<acceptance-test-run title="Nordic homepage validation" name="Nordic homepage validation" description="" steps="2" successful="0" failures="0" errors="1" skipped="1" ignored="0" pending="0" annotated-result="ERROR" result="ERROR" duration="63487" timestamp="2023-10-26T10:05:56.348-04:00">
  <user-story id="nordic-homepage" name="Nordic homepage" path="homepage.feature"/>
  <tags>
    <tag name="Nordic homepage" type="feature"/>
    <tag name="home" type="tag"/>
    <tag name="smoke" type="tag"/>
  </tags>
  <test-group name="Given i have logged into Nordic homepage" result="ERROR">
    <test-step result="ERROR" duration="62854">
      <description>Open nordic home page</description>
      <error>net.thucydides.core.webdriver.UnsupportedDriverException: Could not instantiate class org.openqa.selenium.chrome.ChromeDriver</error>
      <exception>net.thucydides.core.webdriver.UnsupportedDriverException:Could not instantiate class org.openqa.selenium.chrome.ChromeDriver&#xd;
[com.nordicanature.cucumber.stepsdef.HomePageStepsDef.openNordicHomePage(HomePageStepsDef.java:13), com.nordicanature.cucumber.steps.HomePageSteps.openHomePage(HomePageSteps.java:15)]</exception>
    </test-step>
  </test-group>
  <test-step result="SKIPPED" duration="2">
    <description>Then i check all links on the Nordic homepage are active and working</description>
  </test-step>
</acceptance-test-run>